27 May 08:17:19 - Sauce Connect 4.2, build 1158 5ab544e
27 May 08:17:19 - Using CA certificate bundle /etc/ssl/certs/ca-certificates.crt.
27 May 08:17:19 - Error: can't lock pidfile /tmp/sc_client.pid. Please check if Sauce Connect is already running.
27 May 08:17:19 - Error: can't create pidfile /tmp/sc_client.pid.
27 May 08:39:56 - Sauce Connect 4.2, build 1158 5ab544e
27 May 08:39:56 - Using CA certificate bundle /etc/ssl/certs/ca-certificates.crt.
27 May 08:39:56 - Error: warning, open file limit 1024 is too low.
27 May 08:39:56 - Error: Sauce Labs recommends setting it to at least 8000.
27 May 08:39:56 - Using no proxy for connecting to Sauce Labs REST API.
27 May 08:40:03 - Started scproxy on port 43850.
27 May 08:40:03 - Please wait for 'you may start your tests' to start your tests.
27 May 08:40:03 - Starting secure remote tunnel VM...
27 May 08:40:18 - Secure remote tunnel VM provisioned.
27 May 08:40:18 - Tunnel ID: 4cfae6d616a04804833efdccc9128ad5
27 May 08:40:23 - Secure remote tunnel VM is now: booting
27 May 08:40:52 - Secure remote tunnel VM is now: running
27 May 08:40:52 - Remote tunnel host is: maki76026.miso.saucelabs.com
27 May 08:40:52 - Using no proxy for connecting to tunnel VM.
27 May 08:40:52 - Establishing secure TLS connection to tunnel...
27 May 08:41:06 - Sauce Connect is up, you may start your tests.
27 May 08:41:06 - Connection established.
27 May 08:51:29 - Cleaning up.
27 May 08:51:29 - Finished! Deleting tunnel.
27 May 08:51:30 - Waiting for the connection to terminate...
27 May 08:51:30 - Connection closed, exit code: 7.
